2026-07-19 19:04:03,855 INFO {"event": "server_start", "service": "onfood-backend", "version": "2.0.0"}
2026-07-19 19:08:15,742 INFO {"event": "http_request", "method": "GET", "path": "/api/orders/history", "query": {"page": "1", "limit": "15"}, "status": 401, "duration_ms": 31.16, "request_json": null, "response_json": null}
2026-07-19 19:08:15,765 INFO {"event": "http_request", "method": "GET", "path": "/api/kitchen/status", "query": {}, "status": 200, "duration_ms": 124.0, "request_json": null, "response_json": null}
2026-07-19 19:08:17,296 INFO {"event": "http_request", "method": "GET", "path": "/sounds/bell.wav", "query": {}, "status": 200, "duration_ms": 129.64, "request_json": null, "response_json": null}
2026-07-19 19:08:24,277 INFO {"event": "http_request", "method": "GET", "path": "/api/coupons/SAVE10", "query": {}, "status": 200, "duration_ms": 24.34, "request_json": null, "response_json": null}
2026-07-19 19:11:36,084 INFO {"event": "server_start", "service": "onfood-backend", "version": "2.0.0"}
2026-07-19 19:11:50,229 INFO {"event": "http_request", "method": "GET", "path": "/api/coupons/SAVE10", "query": {}, "status": 200, "duration_ms": 29.08, "request_json": null, "response_json": {"code": "SAVE10", "discountType": "PERCENT", "value": "10.00", "minOrderAmount": null, "maxDiscountAmount": null, "expiresAt": null, "perUserLimit": null}}
2026-07-19 19:40:13,702 INFO {"event": "http_request", "method": "GET", "path": "/api/orders/history", "query": {"page": "1", "limit": "15"}, "status": 401, "duration_ms": 21.74, "request_json": null, "response_json": {"timestamp": "2026-07-19T14:10:13", "status": 401, "error": "Unauthorized", "message": "Authorization header is missing or empty"}}
2026-07-19 19:40:13,738 INFO {"event": "http_request", "method": "GET", "path": "/api/kitchen/status", "query": {}, "status": 200, "duration_ms": 39.43, "request_json": null, "response_json": {"isAcceptingOrders": true, "activeOrdersCount": 2, "estimatedWaitMinutes": 16, "message": "We're open! Estimated wait: 16 minutes.", "useRollNumberAsOrderToken": false}}
2026-07-19 19:40:17,388 INFO {"event": "http_request", "method": "GET", "path": "/api/orders/history", "query": {"page": "1", "limit": "15"}, "status": 401, "duration_ms": 2.48, "request_json": null, "response_json": {"timestamp": "2026-07-19T14:10:17", "status": 401, "error": "Unauthorized", "message": "Authorization header is missing or empty"}}
2026-07-19 19:40:17,391 INFO {"event": "http_request", "method": "GET", "path": "/api/kitchen/status", "query": {}, "status": 200, "duration_ms": 6.04, "request_json": null, "response_json": {"isAcceptingOrders": true, "activeOrdersCount": 2, "estimatedWaitMinutes": 16, "message": "We're open! Estimated wait: 16 minutes.", "useRollNumberAsOrderToken": false}}
2026-07-19 19:40:19,065 INFO {"event": "http_request", "method": "GET", "path": "/api/orders/history", "query": {"page": "1", "limit": "15"}, "status": 401, "duration_ms": 3.37, "request_json": null, "response_json": {"timestamp": "2026-07-19T14:10:19", "status": 401, "error": "Unauthorized", "message": "Authorization header is missing or empty"}}
2026-07-19 19:40:19,071 INFO {"event": "http_request", "method": "GET", "path": "/api/kitchen/status", "query": {}, "status": 200, "duration_ms": 8.5, "request_json": null, "response_json": {"isAcceptingOrders": true, "activeOrdersCount": 2, "estimatedWaitMinutes": 16, "message": "We're open! Estimated wait: 16 minutes.", "useRollNumberAsOrderToken": false}}
2026-07-19 19:54:18,436 INFO {"event": "http_request", "method": "GET", "path": "/api/orders/history", "query": {"page": "1", "limit": "15"}, "status": 401, "duration_ms": 3.55, "request_json": null, "response_json": {"timestamp": "2026-07-19T14:24:18", "status": 401, "error": "Unauthorized", "message": "Authorization header is missing or empty"}}
2026-07-19 19:54:18,442 INFO {"event": "http_request", "method": "GET", "path": "/api/kitchen/status", "query": {}, "status": 200, "duration_ms": 7.76, "request_json": null, "response_json": {"isAcceptingOrders": true, "activeOrdersCount": 2, "estimatedWaitMinutes": 16, "message": "We're open! Estimated wait: 16 minutes.", "useRollNumberAsOrderToken": false}}
2026-07-19 19:54:24,117 INFO {"event": "http_request", "method": "GET", "path": "/api/locations/colleges/bb272873-f25c-4f8e-aa80-69a7d063a157/canteens", "query": {}, "status": 200, "duration_ms": 58.23, "request_json": null, "response_json": [{"id": "7b147253-4470-4876-8ee3-bff63ca9c6ce", "name": "Science Canteen", "isActive": true}]}
2026-07-19 19:54:26,497 INFO {"event": "http_request", "method": "GET", "path": "/api/orders/history", "query": {"page": "1", "limit": "15"}, "status": 401, "duration_ms": 1.0, "request_json": null, "response_json": {"timestamp": "2026-07-19T14:24:26", "status": 401, "error": "Unauthorized", "message": "Authorization header is missing or empty"}}
2026-07-19 19:54:26,618 INFO {"event": "http_request", "method": "GET", "path": "/api/kitchen/status", "query": {}, "status": 200, "duration_ms": 5.6, "request_json": null, "response_json": {"isAcceptingOrders": true, "activeOrdersCount": 2, "estimatedWaitMinutes": 16, "message": "We're open! Estimated wait: 16 minutes.", "useRollNumberAsOrderToken": false}}
2026-07-19 19:54:27,116 INFO {"event": "http_request", "method": "GET", "path": "/api/locations/colleges/bb272873-f25c-4f8e-aa80-69a7d063a157/canteens", "query": {}, "status": 200, "duration_ms": 4.99, "request_json": null, "response_json": [{"id": "7b147253-4470-4876-8ee3-bff63ca9c6ce", "name": "Science Canteen", "isActive": true}]}
2026-07-19 19:54:59,121 INFO {"event": "http_request", "method": "GET", "path": "/api/orders/history", "query": {"page": "1", "limit": "20"}, "status": 401, "duration_ms": 1.61, "request_json": null, "response_json": {"timestamp": "2026-07-19T14:24:59", "status": 401, "error": "Unauthorized", "message": "Authorization header is missing or empty"}}
2026-07-19 19:55:00,904 INFO {"event": "http_request", "method": "GET", "path": "/api/orders/history", "query": {"page": "1", "limit": "20"}, "status": 401, "duration_ms": 1.27, "request_json": null, "response_json": {"timestamp": "2026-07-19T14:25:00", "status": 401, "error": "Unauthorized", "message": "Authorization header is missing or empty"}}
2026-07-19 19:56:37,167 INFO {"event": "http_request", "method": "GET", "path": "/api/orders/history", "query": {"page": "1", "limit": "15"}, "status": 401, "duration_ms": 3.25, "request_json": null, "response_json": {"timestamp": "2026-07-19T14:26:37", "status": 401, "error": "Unauthorized", "message": "Authorization header is missing or empty"}}
2026-07-19 19:56:37,174 INFO {"event": "http_request", "method": "GET", "path": "/api/kitchen/status", "query": {}, "status": 200, "duration_ms": 8.89, "request_json": null, "response_json": {"isAcceptingOrders": true, "activeOrdersCount": 2, "estimatedWaitMinutes": 16, "message": "We're open! Estimated wait: 16 minutes.", "useRollNumberAsOrderToken": false}}
2026-07-19 20:00:01,979 INFO {"event": "http_request", "method": "GET", "path": "/api/orders/schedule/slots", "query": {"date": "2026-07-19"}, "status": 200, "duration_ms": 23.34, "request_json": null, "response_json": "[non-json body]"}
2026-07-19 20:00:04,008 INFO {"event": "http_request", "method": "GET", "path": "/api/orders/history", "query": {"page": "1", "limit": "15"}, "status": 401, "duration_ms": 1.05, "request_json": null, "response_json": {"timestamp": "2026-07-19T14:30:04", "status": 401, "error": "Unauthorized", "message": "Authorization header is missing or empty"}}
2026-07-19 20:00:04,018 INFO {"event": "http_request", "method": "GET", "path": "/api/kitchen/status", "query": {}, "status": 200, "duration_ms": 5.57, "request_json": null, "response_json": {"isAcceptingOrders": true, "activeOrdersCount": 2, "estimatedWaitMinutes": 16, "message": "We're open! Estimated wait: 16 minutes.", "useRollNumberAsOrderToken": false}}
2026-07-19 20:00:12,928 INFO {"event": "http_request", "method": "GET", "path": "/api/orders/history", "query": {"page": "1", "limit": "20"}, "status": 401, "duration_ms": 0.92, "request_json": null, "response_json": {"timestamp": "2026-07-19T14:30:12", "status": 401, "error": "Unauthorized", "message": "Authorization header is missing or empty"}}
2026-07-19 20:00:14,450 INFO {"event": "http_request", "method": "GET", "path": "/api/orders/history", "query": {"page": "1", "limit": "20"}, "status": 401, "duration_ms": 1.55, "request_json": null, "response_json": {"timestamp": "2026-07-19T14:30:14", "status": 401, "error": "Unauthorized", "message": "Authorization header is missing or empty"}}
2026-07-19 20:00:24,694 INFO {"event": "http_request", "method": "PATCH", "path": "/api/auth/profile", "query": {}, "status": 401, "duration_ms": 4.93, "request_json": {"college": "Science College", "collegeId": "bb272873-f25c-4f8e-aa80-69a7d063a157", "name": "karthik reddy", "phone": "+919100064518", "preferredCanteenId": "7b147253-4470-4876-8ee3-bff63ca9c6ce", "rollNumber": "JNSJSBDK305", "useRollNumberAsOrderToken": false}, "response_json": {"timestamp": "2026-07-19T14:30:24", "status": 401, "error": "Unauthorized", "message": "Authorization header is missing or empty"}}
2026-07-19 20:00:29,598 INFO {"event": "http_request", "method": "GET", "path": "/api/help/faq", "query": {}, "status": 200, "duration_ms": 32.82, "request_json": null, "response_json": "[non-json body]"}
2026-07-19 20:01:06,824 INFO {"event": "http_request", "method": "GET", "path": "/api/orders/history", "query": {"page": "1", "limit": "15"}, "status": 401, "duration_ms": 34.94, "request_json": null, "response_json": {"timestamp": "2026-07-19T14:31:06", "status": 401, "error": "Unauthorized", "message": "Authorization header is missing or empty"}}
2026-07-19 20:01:06,830 INFO {"event": "http_request", "method": "GET", "path": "/api/banners", "query": {}, "status": 401, "duration_ms": 9.31, "request_json": null, "response_json": {"timestamp": "2026-07-19T14:31:06", "status": 401, "error": "Unauthorized", "message": "Authorization header is missing or empty"}}
2026-07-19 20:01:06,846 INFO {"event": "http_request", "method": "GET", "path": "/api/menu/categories", "query": {}, "status": 200, "duration_ms": 55.63, "request_json": null, "response_json": "[non-json body]"}
2026-07-19 20:01:06,966 INFO {"event": "http_request", "method": "GET", "path": "/api/menu", "query": {"canteenId": "7b147253-4470-4876-8ee3-bff63ca9c6ce"}, "status": 200, "duration_ms": 150.85, "request_json": null, "response_json": "[non-json body]"}
2026-07-19 20:01:06,970 INFO {"event": "http_request", "method": "GET", "path": "/api/kitchen/status", "query": {}, "status": 200, "duration_ms": 161.4, "request_json": null, "response_json": {"isAcceptingOrders": true, "activeOrdersCount": 2, "estimatedWaitMinutes": 16, "message": "We're open! Estimated wait: 16 minutes.", "useRollNumberAsOrderToken": false}}
2026-07-19 20:01:53,777 INFO {"event": "http_request", "method": "GET", "path": "/api/orders/history", "query": {"page": "1", "limit": "20"}, "status": 401, "duration_ms": 0.93, "request_json": null, "response_json": {"timestamp": "2026-07-19T14:31:53", "status": 401, "error": "Unauthorized", "message": "Authorization header is missing or empty"}}
2026-07-19 20:01:54,600 INFO {"event": "http_request", "method": "GET", "path": "/api/kitchen/status", "query": {}, "status": 200, "duration_ms": 5.57, "request_json": null, "response_json": {"isAcceptingOrders": true, "activeOrdersCount": 2, "estimatedWaitMinutes": 16, "message": "We're open! Estimated wait: 16 minutes.", "useRollNumberAsOrderToken": false}}
2026-07-19 20:01:54,603 INFO {"event": "http_request", "method": "GET", "path": "/api/orders/history", "query": {"page": "1", "limit": "15"}, "status": 401, "duration_ms": 1.35, "request_json": null, "response_json": {"timestamp": "2026-07-19T14:31:54", "status": 401, "error": "Unauthorized", "message": "Authorization header is missing or empty"}}
2026-07-19 20:02:20,932 INFO {"event": "http_request", "method": "GET", "path": "/api/locations/colleges/bb272873-f25c-4f8e-aa80-69a7d063a157/canteens", "query": {}, "status": 200, "duration_ms": 6.59, "request_json": null, "response_json": [{"id": "7b147253-4470-4876-8ee3-bff63ca9c6ce", "name": "Science Canteen", "isActive": true}]}
2026-07-19 20:02:26,955 INFO {"event": "http_request", "method": "GET", "path": "/api/orders/history", "query": {"page": "1", "limit": "15"}, "status": 401, "duration_ms": 0.82, "request_json": null, "response_json": {"timestamp": "2026-07-19T14:32:26", "status": 401, "error": "Unauthorized", "message": "Authorization header is missing or empty"}}
2026-07-19 20:02:26,965 INFO {"event": "http_request", "method": "GET", "path": "/api/kitchen/status", "query": {}, "status": 200, "duration_ms": 11.44, "request_json": null, "response_json": {"isAcceptingOrders": true, "activeOrdersCount": 2, "estimatedWaitMinutes": 16, "message": "We're open! Estimated wait: 16 minutes.", "useRollNumberAsOrderToken": false}}
2026-07-19 20:02:30,640 INFO {"event": "http_request", "method": "GET", "path": "/api/orders/history", "query": {"page": "1", "limit": "20"}, "status": 401, "duration_ms": 1.01, "request_json": null, "response_json": {"timestamp": "2026-07-19T14:32:30", "status": 401, "error": "Unauthorized", "message": "Authorization header is missing or empty"}}
2026-07-19 20:02:31,513 INFO {"event": "http_request", "method": "GET", "path": "/api/orders/history", "query": {"page": "1", "limit": "15"}, "status": 401, "duration_ms": 2.87, "request_json": null, "response_json": {"timestamp": "2026-07-19T14:32:31", "status": 401, "error": "Unauthorized", "message": "Authorization header is missing or empty"}}
2026-07-19 20:02:31,516 INFO {"event": "http_request", "method": "GET", "path": "/api/kitchen/status", "query": {}, "status": 200, "duration_ms": 6.12, "request_json": null, "response_json": {"isAcceptingOrders": true, "activeOrdersCount": 2, "estimatedWaitMinutes": 16, "message": "We're open! Estimated wait: 16 minutes.", "useRollNumberAsOrderToken": false}}
2026-07-19 20:02:33,026 INFO {"event": "http_request", "method": "GET", "path": "/api/orders/history", "query": {"page": "1", "limit": "20"}, "status": 401, "duration_ms": 0.79, "request_json": null, "response_json": {"timestamp": "2026-07-19T14:32:33", "status": 401, "error": "Unauthorized", "message": "Authorization header is missing or empty"}}
2026-07-19 20:02:33,509 INFO {"event": "http_request", "method": "GET", "path": "/api/orders/history", "query": {"page": "1", "limit": "15"}, "status": 401, "duration_ms": 3.04, "request_json": null, "response_json": {"timestamp": "2026-07-19T14:32:33", "status": 401, "error": "Unauthorized", "message": "Authorization header is missing or empty"}}
2026-07-19 20:02:33,540 INFO {"event": "http_request", "method": "GET", "path": "/api/kitchen/status", "query": {}, "status": 200, "duration_ms": 33.23, "request_json": null, "response_json": {"isAcceptingOrders": true, "activeOrdersCount": 2, "estimatedWaitMinutes": 16, "message": "We're open! Estimated wait: 16 minutes.", "useRollNumberAsOrderToken": false}}
2026-07-19 20:02:34,424 INFO {"event": "http_request", "method": "GET", "path": "/api/orders/history", "query": {"page": "1", "limit": "20"}, "status": 401, "duration_ms": 0.75, "request_json": null, "response_json": {"timestamp": "2026-07-19T14:32:34", "status": 401, "error": "Unauthorized", "message": "Authorization header is missing or empty"}}
2026-07-19 20:02:34,866 INFO {"event": "http_request", "method": "GET", "path": "/api/orders/history", "query": {"page": "1", "limit": "15"}, "status": 401, "duration_ms": 2.66, "request_json": null, "response_json": {"timestamp": "2026-07-19T14:32:34", "status": 401, "error": "Unauthorized", "message": "Authorization header is missing or empty"}}
2026-07-19 20:02:34,874 INFO {"event": "http_request", "method": "GET", "path": "/api/kitchen/status", "query": {}, "status": 200, "duration_ms": 10.23, "request_json": null, "response_json": {"isAcceptingOrders": true, "activeOrdersCount": 2, "estimatedWaitMinutes": 16, "message": "We're open! Estimated wait: 16 minutes.", "useRollNumberAsOrderToken": false}}
2026-07-19 20:02:35,960 INFO {"event": "http_request", "method": "GET", "path": "/api/orders/history", "query": {"page": "1", "limit": "20"}, "status": 401, "duration_ms": 0.72, "request_json": null, "response_json": {"timestamp": "2026-07-19T14:32:35", "status": 401, "error": "Unauthorized", "message": "Authorization header is missing or empty"}}
2026-07-19 20:02:36,113 INFO {"event": "http_request", "method": "GET", "path": "/api/orders/history", "query": {"page": "1", "limit": "15"}, "status": 401, "duration_ms": 1.71, "request_json": null, "response_json": {"timestamp": "2026-07-19T14:32:36", "status": 401, "error": "Unauthorized", "message": "Authorization header is missing or empty"}}
2026-07-19 20:02:36,125 INFO {"event": "http_request", "method": "GET", "path": "/api/kitchen/status", "query": {}, "status": 200, "duration_ms": 12.86, "request_json": null, "response_json": {"isAcceptingOrders": true, "activeOrdersCount": 2, "estimatedWaitMinutes": 16, "message": "We're open! Estimated wait: 16 minutes.", "useRollNumberAsOrderToken": false}}
2026-07-19 20:02:37,406 INFO {"event": "http_request", "method": "GET", "path": "/api/orders/history", "query": {"page": "1", "limit": "15"}, "status": 401, "duration_ms": 2.53, "request_json": null, "response_json": {"timestamp": "2026-07-19T14:32:37", "status": 401, "error": "Unauthorized", "message": "Authorization header is missing or empty"}}
2026-07-19 20:02:37,410 INFO {"event": "http_request", "method": "GET", "path": "/api/kitchen/status", "query": {}, "status": 200, "duration_ms": 6.9, "request_json": null, "response_json": {"isAcceptingOrders": true, "activeOrdersCount": 2, "estimatedWaitMinutes": 16, "message": "We're open! Estimated wait: 16 minutes.", "useRollNumberAsOrderToken": false}}
2026-07-19 20:02:58,706 INFO {"event": "http_request", "method": "GET", "path": "/api/help/faq", "query": {}, "status": 200, "duration_ms": 9.85, "request_json": null, "response_json": "[non-json body]"}
2026-07-19 20:03:47,869 INFO {"event": "http_request", "method": "GET", "path": "/api/menu/categories", "query": {}, "status": 200, "duration_ms": 2.25, "request_json": null, "response_json": "[non-json body]"}
2026-07-19 20:03:47,877 INFO {"event": "http_request", "method": "GET", "path": "/api/banners", "query": {}, "status": 401, "duration_ms": 8.82, "request_json": null, "response_json": {"timestamp": "2026-07-19T14:33:47", "status": 401, "error": "Unauthorized", "message": "Authorization header is missing or empty"}}
2026-07-19 20:03:47,882 INFO {"event": "http_request", "method": "GET", "path": "/api/orders/history", "query": {"page": "1", "limit": "15"}, "status": 401, "duration_ms": 9.16, "request_json": null, "response_json": {"timestamp": "2026-07-19T14:33:47", "status": 401, "error": "Unauthorized", "message": "Authorization header is missing or empty"}}
2026-07-19 20:03:47,886 INFO {"event": "http_request", "method": "GET", "path": "/api/kitchen/status", "query": {}, "status": 200, "duration_ms": 13.24, "request_json": null, "response_json": {"isAcceptingOrders": true, "activeOrdersCount": 2, "estimatedWaitMinutes": 16, "message": "We're open! Estimated wait: 16 minutes.", "useRollNumberAsOrderToken": false}}
2026-07-19 20:03:47,890 INFO {"event": "http_request", "method": "GET", "path": "/api/menu", "query": {"canteenId": "7b147253-4470-4876-8ee3-bff63ca9c6ce"}, "status": 200, "duration_ms": 5.72, "request_json": null, "response_json": "[non-json body]"}
2026-07-19 20:03:50,676 INFO {"event": "http_request", "method": "POST", "path": "/api/orders", "query": {}, "status": 401, "duration_ms": 3.52, "request_json": {"items": [{"menuItemId": "c7611bb2-2ad2-45a0-bb03-87fae882c7f1", "quantity": 1}], "notes": "Prepared immediately", "totalAmount": 145.0, "userId": "588067b4-1a7a-4434-9114-ff8d9e8cbe11"}, "response_json": {"timestamp": "2026-07-19T14:33:50", "status": 401, "error": "Unauthorized", "message": "Authorization header is missing or empty"}}
2026-07-19 20:03:58,508 INFO {"event": "http_request", "method": "GET", "path": "/api/orders/history", "query": {"page": "1", "limit": "15"}, "status": 401, "duration_ms": 2.27, "request_json": null, "response_json": {"timestamp": "2026-07-19T14:33:58", "status": 401, "error": "Unauthorized", "message": "Authorization header is missing or empty"}}
2026-07-19 20:03:58,512 INFO {"event": "http_request", "method": "GET", "path": "/api/kitchen/status", "query": {}, "status": 200, "duration_ms": 5.27, "request_json": null, "response_json": {"isAcceptingOrders": true, "activeOrdersCount": 2, "estimatedWaitMinutes": 16, "message": "We're open! Estimated wait: 16 minutes.", "useRollNumberAsOrderToken": false}}
2026-07-19 20:04:02,801 INFO {"event": "http_request", "method": "POST", "path": "/api/orders", "query": {}, "status": 401, "duration_ms": 1.25, "request_json": {"items": [{"menuItemId": "c7611bb2-2ad2-45a0-bb03-87fae882c7f1", "quantity": 1}], "notes": "Prepared immediately", "totalAmount": 145.0, "userId": "588067b4-1a7a-4434-9114-ff8d9e8cbe11"}, "response_json": {"timestamp": "2026-07-19T14:34:02", "status": 401, "error": "Unauthorized", "message": "Authorization header is missing or empty"}}
2026-07-19 20:04:12,840 INFO {"event": "http_request", "method": "GET", "path": "/api/orders/history", "query": {"page": "1", "limit": "15"}, "status": 401, "duration_ms": 1.71, "request_json": null, "response_json": {"timestamp": "2026-07-19T14:34:12", "status": 401, "error": "Unauthorized", "message": "Authorization header is missing or empty"}}
2026-07-19 20:04:12,846 INFO {"event": "http_request", "method": "GET", "path": "/api/kitchen/status", "query": {}, "status": 200, "duration_ms": 10.48, "request_json": null, "response_json": {"isAcceptingOrders": true, "activeOrdersCount": 2, "estimatedWaitMinutes": 16, "message": "We're open! Estimated wait: 16 minutes.", "useRollNumberAsOrderToken": false}}
2026-07-19 20:04:17,345 INFO {"event": "http_request", "method": "POST", "path": "/api/auth/login", "query": {}, "status": 200, "duration_ms": 210.23, "request_json": {"email": "karthikk@g.com", "password": "[REDACTED]"}, "response_json": "[non-json body]"}
2026-07-19 20:04:17,648 INFO {"event": "http_request", "method": "GET", "path": "/api/menu", "query": {"canteenId": "7b147253-4470-4876-8ee3-bff63ca9c6ce"}, "status": 200, "duration_ms": 1.56, "request_json": null, "response_json": "[non-json body]"}
2026-07-19 20:04:17,649 INFO {"event": "http_request", "method": "GET", "path": "/api/banners", "query": {}, "status": 401, "duration_ms": 2.28, "request_json": null, "response_json": {"timestamp": "2026-07-19T14:34:17", "status": 401, "error": "Unauthorized", "message": "Authorization header is missing or empty"}}
2026-07-19 20:04:17,669 INFO {"event": "http_request", "method": "GET", "path": "/api/menu/categories", "query": {}, "status": 200, "duration_ms": 3.06, "request_json": null, "response_json": "[non-json body]"}
2026-07-19 20:04:17,672 INFO {"event": "http_request", "method": "GET", "path": "/api/orders/history", "query": {"page": "1", "limit": "15"}, "status": 401, "duration_ms": 5.35, "request_json": null, "response_json": {"timestamp": "2026-07-19T14:34:17", "status": 401, "error": "Unauthorized", "message": "Authorization header is missing or empty"}}
2026-07-19 20:04:17,673 INFO {"event": "http_request", "method": "GET", "path": "/api/kitchen/status", "query": {}, "status": 200, "duration_ms": 7.17, "request_json": null, "response_json": {"isAcceptingOrders": true, "activeOrdersCount": 2, "estimatedWaitMinutes": 16, "message": "We're open! Estimated wait: 16 minutes.", "useRollNumberAsOrderToken": false}}
2026-07-19 20:04:22,256 INFO {"event": "http_request", "method": "POST", "path": "/api/orders", "query": {}, "status": 401, "duration_ms": 1.26, "request_json": {"items": [{"menuItemId": "c7611bb2-2ad2-45a0-bb03-87fae882c7f1", "quantity": 1}, {"menuItemId": "752e798a-9239-4689-a32a-0b8a39790c89", "quantity": 1}], "notes": "Prepared immediately", "totalAmount": 170.0, "userId": "588067b4-1a7a-4434-9114-ff8d9e8cbe11"}, "response_json": {"timestamp": "2026-07-19T14:34:22", "status": 401, "error": "Unauthorized", "message": "Authorization header is missing or empty"}}
2026-07-19 20:37:48,480 INFO {"event": "http_request", "method": "GET", "path": "/api/kitchen/status", "query": {}, "status": 200, "duration_ms": 289.12, "request_json": null, "response_json": {"isAcceptingOrders": true, "activeOrdersCount": 2, "estimatedWaitMinutes": 16, "message": "We're open! Estimated wait: 16 minutes.", "useRollNumberAsOrderToken": false}}
2026-07-19 20:37:48,498 INFO {"event": "http_request", "method": "GET", "path": "/icons/biryani.png", "query": {}, "status": 200, "duration_ms": 286.38, "request_json": null, "response_json": null}
2026-07-19 20:37:48,505 INFO {"event": "http_request", "method": "GET", "path": "/icons/south-indian.png", "query": {}, "status": 200, "duration_ms": 277.83, "request_json": null, "response_json": null}
2026-07-19 20:37:48,506 INFO {"event": "http_request", "method": "GET", "path": "/icons/curries.png", "query": {}, "status": 200, "duration_ms": 287.04, "request_json": null, "response_json": null}
2026-07-19 20:37:48,632 INFO {"event": "http_request", "method": "GET", "path": "/icons/breads.png", "query": {}, "status": 200, "duration_ms": 380.34, "request_json": null, "response_json": null}
2026-07-19 20:37:48,651 INFO {"event": "http_request", "method": "GET", "path": "/api/menu/sync", "query": {"since": "2026-07-19T12:36:41.016253"}, "status": 200, "duration_ms": 756.94, "request_json": null, "response_json": {"categories": [], "items": [], "serverTime": "2026-07-19T15:07:48.647111"}}
2026-07-19 20:37:48,660 INFO {"event": "http_request", "method": "GET", "path": "/api/menu/categories", "query": {}, "status": 200, "duration_ms": 404.4, "request_json": null, "response_json": "[non-json body]"}
2026-07-19 20:37:48,695 INFO {"event": "http_request", "method": "GET", "path": "/icons/chinese.png", "query": {}, "status": 200, "duration_ms": 70.69, "request_json": null, "response_json": null}
2026-07-19 20:37:48,700 INFO {"event": "http_request", "method": "GET", "path": "/icons/snacks.png", "query": {}, "status": 200, "duration_ms": 75.42, "request_json": null, "response_json": null}
2026-07-19 20:37:48,739 INFO {"event": "http_request", "method": "GET", "path": "/api/menu", "query": {"canteenId": "7b147253-4470-4876-8ee3-bff63ca9c6ce"}, "status": 200, "duration_ms": 472.12, "request_json": null, "response_json": "[non-json body]"}
2026-07-19 20:37:48,749 INFO {"event": "http_request", "method": "GET", "path": "/api/banners", "query": {}, "status": 200, "duration_ms": 445.13, "request_json": null, "response_json": [{"id": "757cdaf2-53a9-47ca-afe3-f82280dab6ce", "title": "Science Fuel Specials", "imageUrl": "/images/banner1.png", "linkUrl": null, "isActive": true, "displayOrder": 4, "startsAt": null, "endsAt": null, "collegeId": "bb272873-f25c-4f8e-aa80-69a7d063a157", "canteenId": null}]}
2026-07-19 20:37:48,778 INFO {"event": "http_request", "method": "GET", "path": "/icons/beverages.png", "query": {}, "status": 200, "duration_ms": 86.96, "request_json": null, "response_json": null}
2026-07-19 20:37:48,781 INFO {"event": "http_request", "method": "GET", "path": "/api/kitchen/status", "query": {}, "status": 200, "duration_ms": 37.58, "request_json": null, "response_json": {"isAcceptingOrders": true, "activeOrdersCount": 2, "estimatedWaitMinutes": 16, "message": "We're open! Estimated wait: 16 minutes.", "useRollNumberAsOrderToken": false}}
2026-07-19 20:37:48,785 INFO {"event": "http_request", "method": "GET", "path": "/icons/desserts.png", "query": {}, "status": 200, "duration_ms": 41.31, "request_json": null, "response_json": null}
2026-07-19 20:37:48,793 INFO {"event": "http_request", "method": "GET", "path": "/icons/starters.png", "query": {}, "status": 200, "duration_ms": 49.69, "request_json": null, "response_json": null}
2026-07-19 20:37:48,808 INFO {"event": "http_request", "method": "GET", "path": "/icons/tandoori.png", "query": {}, "status": 200, "duration_ms": 21.86, "request_json": null, "response_json": null}
2026-07-19 20:37:48,819 INFO {"event": "http_request", "method": "GET", "path": "/api/orders/history", "query": {"page": "1", "limit": "15"}, "status": 200, "duration_ms": 195.38, "request_json": null, "response_json": "[non-json body]"}
2026-07-19 20:37:48,826 INFO {"event": "http_request", "method": "GET", "path": "/images/chilli-chicken.png", "query": {}, "status": 200, "duration_ms": 21.34, "request_json": null, "response_json": null}
2026-07-19 20:37:48,831 INFO {"event": "http_request", "method": "GET", "path": "/images/buttermilk.png", "query": {}, "status": 200, "duration_ms": 13.97, "request_json": null, "response_json": null}
2026-07-19 20:37:48,912 INFO {"event": "http_request", "method": "GET", "path": "/images/chilli-chicken.png", "query": {}, "status": 200, "duration_ms": 30.55, "request_json": null, "response_json": null}
2026-07-19 20:37:49,177 INFO {"event": "http_request", "method": "GET", "path": "/images/egg-fried-rice.png", "query": {}, "status": 200, "duration_ms": 7.03, "request_json": null, "response_json": null}
2026-07-19 20:37:49,185 INFO {"event": "http_request", "method": "GET", "path": "/images/gobi-manchurian.png", "query": {}, "status": 200, "duration_ms": 8.94, "request_json": null, "response_json": null}
2026-07-19 20:37:49,348 INFO {"event": "http_request", "method": "GET", "path": "/icons/beverages.png", "query": {}, "status": 200, "duration_ms": 2.68, "request_json": null, "response_json": null}
2026-07-19 20:37:49,718 INFO {"event": "http_request", "method": "GET", "path": "/icons/starters.png", "query": {}, "status": 200, "duration_ms": 6.77, "request_json": null, "response_json": null}
2026-07-19 20:40:46,790 INFO {"event": "http_request", "method": "GET", "path": "/api/kitchen/status", "query": {}, "status": 200, "duration_ms": 18.47, "request_json": null, "response_json": {"isAcceptingOrders": true, "activeOrdersCount": 2, "estimatedWaitMinutes": 16, "message": "We're open! Estimated wait: 16 minutes.", "useRollNumberAsOrderToken": false}}
2026-07-19 20:40:46,791 INFO {"event": "http_request", "method": "GET", "path": "/images/banner1.png", "query": {}, "status": 200, "duration_ms": 10.43, "request_json": null, "response_json": null}
2026-07-19 20:40:46,830 INFO {"event": "http_request", "method": "GET", "path": "/api/orders/history", "query": {"page": "1", "limit": "15"}, "status": 200, "duration_ms": 53.97, "request_json": null, "response_json": "[non-json body]"}
2026-07-19 20:40:56,479 INFO {"event": "http_request", "method": "GET", "path": "/api/locations/colleges/bb272873-f25c-4f8e-aa80-69a7d063a157/canteens", "query": {}, "status": 200, "duration_ms": 17.46, "request_json": null, "response_json": [{"id": "7b147253-4470-4876-8ee3-bff63ca9c6ce", "name": "Science Canteen", "isActive": true}]}
2026-07-19 20:40:58,703 INFO {"event": "http_request", "method": "GET", "path": "/api/locations/colleges/bb272873-f25c-4f8e-aa80-69a7d063a157/canteens", "query": {}, "status": 200, "duration_ms": 25.3, "request_json": null, "response_json": [{"id": "7b147253-4470-4876-8ee3-bff63ca9c6ce", "name": "Science Canteen", "isActive": true}]}
2026-07-19 20:41:00,990 INFO {"event": "http_request", "method": "GET", "path": "/api/kitchen/status", "query": {}, "status": 200, "duration_ms": 6.0, "request_json": null, "response_json": {"isAcceptingOrders": true, "activeOrdersCount": 2, "estimatedWaitMinutes": 16, "message": "We're open! Estimated wait: 16 minutes.", "useRollNumberAsOrderToken": false}}
2026-07-19 20:41:01,025 INFO {"event": "http_request", "method": "GET", "path": "/api/orders/history", "query": {"page": "1", "limit": "15"}, "status": 200, "duration_ms": 31.01, "request_json": null, "response_json": "[non-json body]"}
2026-07-19 20:41:01,688 INFO {"event": "http_request", "method": "GET", "path": "/api/locations/colleges/bb272873-f25c-4f8e-aa80-69a7d063a157/canteens", "query": {}, "status": 200, "duration_ms": 4.7, "request_json": null, "response_json": [{"id": "7b147253-4470-4876-8ee3-bff63ca9c6ce", "name": "Science Canteen", "isActive": true}]}
2026-07-19 20:41:05,137 INFO {"event": "http_request", "method": "GET", "path": "/api/orders/history", "query": {"page": "1", "limit": "20"}, "status": 200, "duration_ms": 46.6, "request_json": null, "response_json": "[non-json body]"}
2026-07-19 20:42:24,446 INFO {"event": "http_request", "method": "GET", "path": "/api/kitchen/status", "query": {}, "status": 200, "duration_ms": 42.55, "request_json": null, "response_json": {"isAcceptingOrders": true, "activeOrdersCount": 2, "estimatedWaitMinutes": 16, "message": "We're open! Estimated wait: 16 minutes.", "useRollNumberAsOrderToken": false}}
2026-07-19 20:42:24,520 INFO {"event": "http_request", "method": "GET", "path": "/api/orders/history", "query": {"page": "1", "limit": "15"}, "status": 200, "duration_ms": 147.17, "request_json": null, "response_json": "[non-json body]"}
2026-07-19 20:42:26,460 INFO {"event": "http_request", "method": "GET", "path": "/sounds/bell.wav", "query": {}, "status": 200, "duration_ms": 34.07, "request_json": null, "response_json": null}
2026-07-19 20:42:33,679 INFO {"event": "http_request", "method": "GET", "path": "/api/orders/history", "query": {"page": "1", "limit": "15"}, "status": 200, "duration_ms": 87.1, "request_json": null, "response_json": "[non-json body]"}
2026-07-19 20:42:33,695 INFO {"event": "http_request", "method": "GET", "path": "/api/kitchen/status", "query": {}, "status": 200, "duration_ms": 91.04, "request_json": null, "response_json": {"isAcceptingOrders": true, "activeOrdersCount": 2, "estimatedWaitMinutes": 16, "message": "We're open! Estimated wait: 16 minutes.", "useRollNumberAsOrderToken": false}}
2026-07-19 20:44:54,486 INFO {"event": "http_request", "method": "GET", "path": "/api/kitchen/status", "query": {}, "status": 200, "duration_ms": 168.56, "request_json": null, "response_json": {"isAcceptingOrders": true, "activeOrdersCount": 2, "estimatedWaitMinutes": 16, "message": "We're open! Estimated wait: 16 minutes.", "useRollNumberAsOrderToken": false}}
2026-07-19 20:44:54,609 INFO {"event": "http_request", "method": "GET", "path": "/api/orders/history", "query": {"page": "1", "limit": "15"}, "status": 200, "duration_ms": 575.89, "request_json": null, "response_json": "[non-json body]"}
2026-07-19 20:44:59,831 INFO {"event": "http_request", "method": "GET", "path": "/api/kitchen/status", "query": {}, "status": 200, "duration_ms": 40.3, "request_json": null, "response_json": {"isAcceptingOrders": true, "activeOrdersCount": 2, "estimatedWaitMinutes": 16, "message": "We're open! Estimated wait: 16 minutes.", "useRollNumberAsOrderToken": false}}
2026-07-19 20:44:59,948 INFO {"event": "http_request", "method": "GET", "path": "/api/orders/history", "query": {"page": "1", "limit": "15"}, "status": 200, "duration_ms": 61.66, "request_json": null, "response_json": "[non-json body]"}
2026-07-19 20:45:01,273 INFO {"event": "http_request", "method": "GET", "path": "/api/help/faq", "query": {}, "status": 200, "duration_ms": 142.66, "request_json": null, "response_json": "[non-json body]"}
2026-07-19 20:45:08,526 INFO {"event": "http_request", "method": "GET", "path": "/api/orders/history", "query": {"page": "1", "limit": "20"}, "status": 200, "duration_ms": 90.66, "request_json": null, "response_json": "[non-json body]"}
2026-07-19 20:45:09,448 INFO {"event": "http_request", "method": "GET", "path": "/api/kitchen/status", "query": {}, "status": 200, "duration_ms": 28.66, "request_json": null, "response_json": {"isAcceptingOrders": true, "activeOrdersCount": 2, "estimatedWaitMinutes": 16, "message": "We're open! Estimated wait: 16 minutes.", "useRollNumberAsOrderToken": false}}
2026-07-19 20:45:09,460 INFO {"event": "http_request", "method": "GET", "path": "/api/orders/history", "query": {"page": "1", "limit": "15"}, "status": 200, "duration_ms": 50.88, "request_json": null, "response_json": "[non-json body]"}
2026-07-19 21:15:33,321 INFO {"event": "http_request", "method": "GET", "path": "/api/kitchen/status", "query": {}, "status": 200, "duration_ms": 317.06, "request_json": null, "response_json": {"isAcceptingOrders": true, "activeOrdersCount": 2, "estimatedWaitMinutes": 16, "message": "We're open! Estimated wait: 16 minutes.", "useRollNumberAsOrderToken": false}}
2026-07-19 21:15:33,351 INFO {"event": "http_request", "method": "GET", "path": "/icons/south-indian.png", "query": {}, "status": 200, "duration_ms": 126.82, "request_json": null, "response_json": null}
2026-07-19 21:15:33,368 INFO {"event": "http_request", "method": "GET", "path": "/icons/biryani.png", "query": {}, "status": 200, "duration_ms": 259.32, "request_json": null, "response_json": null}
2026-07-19 21:15:33,408 INFO {"event": "http_request", "method": "GET", "path": "/icons/curries.png", "query": {}, "status": 200, "duration_ms": 190.52, "request_json": null, "response_json": null}
2026-07-19 21:15:33,437 INFO {"event": "http_request", "method": "GET", "path": "/icons/breads.png", "query": {}, "status": 200, "duration_ms": 193.69, "request_json": null, "response_json": null}
2026-07-19 21:15:33,721 INFO {"event": "http_request", "method": "GET", "path": "/api/banners", "query": {}, "status": 200, "duration_ms": 435.33, "request_json": null, "response_json": [{"id": "757cdaf2-53a9-47ca-afe3-f82280dab6ce", "title": "Science Fuel Specials", "imageUrl": "/images/banner1.png", "linkUrl": null, "isActive": true, "displayOrder": 4, "startsAt": null, "endsAt": null, "collegeId": "bb272873-f25c-4f8e-aa80-69a7d063a157", "canteenId": null}]}
2026-07-19 21:15:33,737 INFO {"event": "http_request", "method": "GET", "path": "/api/menu", "query": {"canteenId": "7b147253-4470-4876-8ee3-bff63ca9c6ce"}, "status": 200, "duration_ms": 429.08, "request_json": null, "response_json": "[non-json body]"}
2026-07-19 21:15:33,769 INFO {"event": "http_request", "method": "GET", "path": "/api/menu/categories", "query": {}, "status": 200, "duration_ms": 512.7, "request_json": null, "response_json": "[non-json body]"}
2026-07-19 21:15:33,883 INFO {"event": "http_request", "method": "GET", "path": "/icons/snacks.png", "query": {}, "status": 200, "duration_ms": 163.77, "request_json": null, "response_json": null}
2026-07-19 21:15:33,899 INFO {"event": "http_request", "method": "GET", "path": "/icons/chinese.png", "query": {}, "status": 200, "duration_ms": 181.23, "request_json": null, "response_json": null}
2026-07-19 21:15:33,902 INFO {"event": "http_request", "method": "GET", "path": "/icons/beverages.png", "query": {}, "status": 200, "duration_ms": 181.97, "request_json": null, "response_json": null}
2026-07-19 21:15:33,906 INFO {"event": "http_request", "method": "GET", "path": "/icons/desserts.png", "query": {}, "status": 200, "duration_ms": 170.67, "request_json": null, "response_json": null}
2026-07-19 21:15:33,922 INFO {"event": "http_request", "method": "GET", "path": "/api/kitchen/status", "query": {}, "status": 200, "duration_ms": 132.48, "request_json": null, "response_json": {"isAcceptingOrders": true, "activeOrdersCount": 2, "estimatedWaitMinutes": 16, "message": "We're open! Estimated wait: 16 minutes.", "useRollNumberAsOrderToken": false}}
2026-07-19 21:15:33,951 INFO {"event": "http_request", "method": "GET", "path": "/api/orders/history", "query": {"page": "1", "limit": "15"}, "status": 200, "duration_ms": 231.27, "request_json": null, "response_json": "[non-json body]"}
2026-07-19 21:15:34,128 INFO {"event": "http_request", "method": "GET", "path": "/icons/tandoori.png", "query": {}, "status": 200, "duration_ms": 129.14, "request_json": null, "response_json": null}
2026-07-19 21:15:34,141 INFO {"event": "http_request", "method": "GET", "path": "/icons/starters.png", "query": {}, "status": 200, "duration_ms": 142.94, "request_json": null, "response_json": null}
2026-07-19 21:15:34,143 INFO {"event": "http_request", "method": "GET", "path": "/images/chilli-chicken.png", "query": {}, "status": 200, "duration_ms": 106.41, "request_json": null, "response_json": null}
2026-07-19 21:15:34,152 INFO {"event": "http_request", "method": "GET", "path": "/api/menu/sync", "query": {"since": "2026-07-19T15:07:48.647111"}, "status": 200, "duration_ms": 153.88, "request_json": null, "response_json": {"categories": [], "items": [], "serverTime": "2026-07-19T15:45:34.147502"}}
2026-07-19 21:15:34,160 INFO {"event": "http_request", "method": "GET", "path": "/images/buttermilk.png", "query": {}, "status": 200, "duration_ms": 88.29, "request_json": null, "response_json": null}
2026-07-19 21:15:34,257 INFO {"event": "http_request", "method": "GET", "path": "/images/chilli-chicken.png", "query": {}, "status": 200, "duration_ms": 85.62, "request_json": null, "response_json": null}
2026-07-19 21:15:34,482 INFO {"event": "http_request", "method": "GET", "path": "/images/egg-fried-rice.png", "query": {}, "status": 200, "duration_ms": 29.35, "request_json": null, "response_json": null}
2026-07-19 21:15:34,894 INFO {"event": "http_request", "method": "GET", "path": "/images/gobi-manchurian.png", "query": {}, "status": 200, "duration_ms": 423.63, "request_json": null, "response_json": null}
2026-07-19 21:15:35,003 INFO {"event": "http_request", "method": "GET", "path": "/images/banner1.png", "query": {}, "status": 200, "duration_ms": 135.52, "request_json": null, "response_json": null}
2026-07-19 21:15:35,246 INFO {"event": "http_request", "method": "GET", "path": "/icons/chinese.png", "query": {}, "status": 200, "duration_ms": 5.02, "request_json": null, "response_json": null}
2026-07-19 21:15:35,304 INFO {"event": "http_request", "method": "GET", "path": "/icons/beverages.png", "query": {}, "status": 200, "duration_ms": 11.76, "request_json": null, "response_json": null}
2026-07-19 21:15:35,313 INFO {"event": "http_request", "method": "GET", "path": "/icons/starters.png", "query": {}, "status": 200, "duration_ms": 12.47, "request_json": null, "response_json": null}
2026-07-19 21:15:35,322 INFO {"event": "http_request", "method": "GET", "path": "/images/chilli-chicken.png", "query": {}, "status": 200, "duration_ms": 12.31, "request_json": null, "response_json": null}
2026-07-19 21:16:02,126 INFO {"event": "http_request", "method": "GET", "path": "/api/kitchen/status", "query": {}, "status": 200, "duration_ms": 36.73, "request_json": null, "response_json": {"isAcceptingOrders": true, "activeOrdersCount": 2, "estimatedWaitMinutes": 16, "message": "We're open! Estimated wait: 16 minutes.", "useRollNumberAsOrderToken": false}}
2026-07-19 21:16:02,253 INFO {"event": "http_request", "method": "GET", "path": "/api/menu/sync", "query": {"since": "2026-07-19T15:45:34.147502"}, "status": 200, "duration_ms": 156.55, "request_json": null, "response_json": {"categories": [], "items": [], "serverTime": "2026-07-19T15:46:02.230125"}}
2026-07-19 21:16:02,347 INFO {"event": "http_request", "method": "GET", "path": "/api/menu/categories", "query": {}, "status": 200, "duration_ms": 72.14, "request_json": null, "response_json": "[non-json body]"}
2026-07-19 21:16:02,507 INFO {"event": "http_request", "method": "GET", "path": "/api/menu", "query": {"canteenId": "7b147253-4470-4876-8ee3-bff63ca9c6ce"}, "status": 200, "duration_ms": 110.98, "request_json": null, "response_json": "[non-json body]"}
2026-07-19 21:16:02,714 INFO {"event": "http_request", "method": "GET", "path": "/icons/biryani.png", "query": {}, "status": 200, "duration_ms": 507.69, "request_json": null, "response_json": null}
2026-07-19 21:16:02,779 INFO {"event": "http_request", "method": "GET", "path": "/icons/south-indian.png", "query": {}, "status": 200, "duration_ms": 532.78, "request_json": null, "response_json": null}
2026-07-19 21:16:02,791 INFO {"event": "http_request", "method": "GET", "path": "/icons/curries.png", "query": {}, "status": 200, "duration_ms": 509.64, "request_json": null, "response_json": null}
2026-07-19 21:16:02,794 INFO {"event": "http_request", "method": "GET", "path": "/api/kitchen/status", "query": {}, "status": 200, "duration_ms": 395.37, "request_json": null, "response_json": {"isAcceptingOrders": true, "activeOrdersCount": 2, "estimatedWaitMinutes": 16, "message": "We're open! Estimated wait: 16 minutes.", "useRollNumberAsOrderToken": false}}
2026-07-19 21:16:02,839 INFO {"event": "http_request", "method": "GET", "path": "/icons/breads.png", "query": {}, "status": 200, "duration_ms": 505.67, "request_json": null, "response_json": null}
2026-07-19 21:16:02,860 INFO {"event": "http_request", "method": "GET", "path": "/api/banners", "query": {}, "status": 200, "duration_ms": 446.76, "request_json": null, "response_json": [{"id": "757cdaf2-53a9-47ca-afe3-f82280dab6ce", "title": "Science Fuel Specials", "imageUrl": "/images/banner1.png", "linkUrl": null, "isActive": true, "displayOrder": 4, "startsAt": null, "endsAt": null, "collegeId": "bb272873-f25c-4f8e-aa80-69a7d063a157", "canteenId": null}]}
2026-07-19 21:16:02,904 INFO {"event": "http_request", "method": "GET", "path": "/api/orders/history", "query": {"page": "1", "limit": "15"}, "status": 200, "duration_ms": 416.51, "request_json": null, "response_json": "[non-json body]"}
2026-07-19 21:16:02,974 INFO {"event": "http_request", "method": "GET", "path": "/icons/chinese.png", "query": {}, "status": 200, "duration_ms": 88.93, "request_json": null, "response_json": null}
2026-07-19 21:16:03,115 INFO {"event": "http_request", "method": "GET", "path": "/icons/snacks.png", "query": {}, "status": 200, "duration_ms": 216.52, "request_json": null, "response_json": null}
2026-07-19 21:16:03,139 INFO {"event": "http_request", "method": "GET", "path": "/icons/beverages.png", "query": {}, "status": 200, "duration_ms": 199.24, "request_json": null, "response_json": null}
2026-07-19 21:16:03,149 INFO {"event": "http_request", "method": "GET", "path": "/icons/desserts.png", "query": {}, "status": 200, "duration_ms": 197.7, "request_json": null, "response_json": null}
2026-07-19 21:16:03,203 INFO {"event": "http_request", "method": "GET", "path": "/icons/starters.png", "query": {}, "status": 200, "duration_ms": 71.13, "request_json": null, "response_json": null}
2026-07-19 21:16:03,210 INFO {"event": "http_request", "method": "GET", "path": "/icons/tandoori.png", "query": {}, "status": 200, "duration_ms": 40.78, "request_json": null, "response_json": null}
2026-07-19 21:16:03,214 INFO {"event": "http_request", "method": "GET", "path": "/images/chilli-chicken.png", "query": {}, "status": 200, "duration_ms": 23.36, "request_json": null, "response_json": null}
2026-07-19 21:16:03,258 INFO {"event": "http_request", "method": "GET", "path": "/images/buttermilk.png", "query": {}, "status": 200, "duration_ms": 38.25, "request_json": null, "response_json": null}
2026-07-19 21:16:03,284 INFO {"event": "http_request", "method": "GET", "path": "/images/chilli-chicken.png", "query": {}, "status": 200, "duration_ms": 28.52, "request_json": null, "response_json": null}
2026-07-19 21:16:03,708 INFO {"event": "http_request", "method": "GET", "path": "/images/egg-fried-rice.png", "query": {}, "status": 200, "duration_ms": 174.06, "request_json": null, "response_json": null}
2026-07-19 21:16:03,717 INFO {"event": "http_request", "method": "GET", "path": "/images/gobi-manchurian.png", "query": {}, "status": 200, "duration_ms": 142.13, "request_json": null, "response_json": null}
2026-07-19 21:16:03,936 INFO {"event": "http_request", "method": "GET", "path": "/icons/chinese.png", "query": {}, "status": 200, "duration_ms": 6.2, "request_json": null, "response_json": null}
2026-07-19 21:16:03,974 INFO {"event": "http_request", "method": "GET", "path": "/icons/beverages.png", "query": {}, "status": 200, "duration_ms": 6.58, "request_json": null, "response_json": null}
2026-07-19 21:16:03,980 INFO {"event": "http_request", "method": "GET", "path": "/icons/starters.png", "query": {}, "status": 200, "duration_ms": 12.41, "request_json": null, "response_json": null}
2026-07-19 21:16:04,147 INFO {"event": "http_request", "method": "GET", "path": "/images/chilli-chicken.png", "query": {}, "status": 200, "duration_ms": 6.63, "request_json": null, "response_json": null}
2026-07-19 21:16:04,167 INFO {"event": "http_request", "method": "GET", "path": "/images/banner1.png", "query": {}, "status": 200, "duration_ms": 22.38, "request_json": null, "response_json": null}
2026-07-19 21:16:07,907 INFO {"event": "http_request", "method": "GET", "path": "/sounds/bell.wav", "query": {}, "status": 200, "duration_ms": 13.1, "request_json": null, "response_json": null}
2026-07-19 21:16:08,069 INFO {"event": "http_request", "method": "DELETE", "path": "/api/cart", "query": {}, "status": 204, "duration_ms": 132.83, "request_json": null, "response_json": null}
2026-07-19 21:16:08,359 INFO {"event": "http_request", "method": "POST", "path": "/api/cart/items", "query": {}, "status": 201, "duration_ms": 228.64, "request_json": {"menuItemId": "c7611bb2-2ad2-45a0-bb03-87fae882c7f1", "quantity": 1}, "response_json": {"id": "6b7a1e60-20e1-4b38-ac05-a3929031be80", "menuItemId": "c7611bb2-2ad2-45a0-bb03-87fae882c7f1", "canteenId": "7b147253-4470-4876-8ee3-bff63ca9c6ce", "quantity": 1, "itemName": "Chilli Chicken", "itemPrice": "145.00", "itemOriginalPrice": null, "itemDiscountPercent": null, "itemImageUrl": "/images/chilli-chicken.png", "itemIsAvailable": true, "lineTotal": "145.00"}}
2026-07-19 21:16:08,492 INFO {"event": "http_request", "method": "POST", "path": "/api/cart/validate", "query": {}, "status": 200, "duration_ms": 55.35, "request_json": null, "response_json": {"isValid": true, "issues": [], "currentTotal": "145.00"}}
